This is pdfTeX, Version 3.14159265-2.6-1.40.17 (TeX Live 2016) (preloaded format=latex 2016.5.22)  23 SEP 2018 13:22
entering extended mode
 restricted \write18 enabled.
 %&-line parsing enabled.
**Includes.tex
(./Includes.tex
LaTeX2e <2016/03/31>
Babel <3.9r> and hyphenation patterns for 83 language(s) loaded.

! LaTeX Error: \usepackage before \documentclass.

See the LaTeX manual or LaTeX Companion for explanation.
Type  H <return>  for immediate help.
 ...                                              
                                                  
l.17 \usepackage{
                 fancyvrb}
? x
 
Here is how much of TeX's memory you used:
 6 strings out of 493015
 273 string characters out of 6133377
 53598 words of memory out of 5000000
 3648 multiletter control sequences out of 15000+600000
 3640 words of font info for 14 fonts, out of 8000000 for 9000
 1141 hyphenation exceptions out of 8191
 5i,0n,5p,56b,14s stack positions out of 5000i,500n,10000p,200000b,80000s
No pages of output.
